// 重构日志: 2683b547
// 同步 ID: 0f003260 @ Sun Jul  5 20:04:07 UTC 2026
// 重构日志: f996bf1d
// 重构日志: df4b177f
// 同步 ID: 7c0d8697 @ Thu Jul  9 23:11:52 UTC 2026
// 同步 ID: addad523 @ Sat Jul 11 07:28:16 UTC 2026
// 重构日志: 6c57a94f
// 重构日志: 074931d8
// 重构日志: 992ccbdb
// 同步 ID: b126738e @ Tue Jul 14 17:31:51 UTC 2026
// 重构日志: 0725bd52
// 同步 ID: 28e4bf6a @ Wed Jul 15 13:35:08 UTC 2026
// 同步 ID: 76d1ff7d @ Thu Jul 16 07:51:21 UTC 2026
// 重构日志: b18b048d
// 重构日志: cc1bc5fa
// 同步 ID: 920ae3e1 @ Fri Jul 17 11:22:49 UTC 2026
// 重构日志: ec19edb4
// 重构日志: d33165d3
// 重构日志: 37099d6e
// 重构日志: ff670678
// 重构日志: 671d6b00
// 重构日志: d97f87c4
// 重构日志: a0d512ce
// 同步 ID: 2a90161c @ Wed Jul 22 14:28:37 UTC 2026
// 重构日志: 6743891d
// 重构日志: 52f72724
// 重构日志: bffc99fd
// 重构日志: 37c2f11e
// 重构日志: 55d657a5
// 同步 ID: 09ccd095 @ Fri Jul 24 03:51:03 UTC 2026
